2022-01-27T16:24:08.109+0700 WARN InetAddress.getLocalHost().getHostName() took 5013 milliseconds to respond. Please verify your network configuration (macOS machines may need to add entries to /etc/hosts).
2022-01-27T16:24:03.072+0700 INFO Starting DemoApplication using Java 1.8.0_292 on MacBooks-MacBook-Pro.local with PID 42343 (/Users/macbookpro/Work/Labs/demo/target/classes started by macbookpro in /Users/macbookpro/Work/Labs/demo)
2022-01-27T16:24:08.191+0700 INFO No active profile set, falling back to default profiles: default
2022-01-27T16:24:27.619+0700 INFO Bootstrapping Spring Data JPA repositories in DEFAULT mode.
2022-01-27T16:24:28.708+0700 INFO Finished Spring Data repository scanning in 759 ms. Found 1 JPA repository interfaces.
2022-01-27T16:24:45.190+0700 INFO Tomcat initialized with port(s): 8080 (http)
2022-01-27T16:24:45.364+0700 INFO Initializing ProtocolHandler ["http-nio-8080"]
2022-01-27T16:24:45.369+0700 INFO Starting service [Tomcat]
2022-01-27T16:24:45.371+0700 INFO Starting Servlet engine: [Apache Tomcat/9.0.56]
2022-01-27T16:24:46.326+0700 INFO Initializing Spring embedded WebApplicationContext
2022-01-27T16:24:46.377+0700 INFO Root WebApplicationContext: initialization completed in 37593 ms
2022-01-27T16:24:47.383+0700 INFO HikariPool-1 - Starting...
2022-01-27T16:24:51.615+0700 INFO HikariPool-1 - Start completed.
2022-01-27T16:24:52.141+0700 INFO H2 console available at '/h2-ui'. Database available at 'jdbc:h2:mem:testdb'
2022-01-27T16:24:54.997+0700 INFO HHH000204: Processing PersistenceUnitInfo [name: default]
2022-01-27T16:24:56.160+0700 INFO HHH000412: Hibernate ORM core version 5.6.3.Final
2022-01-27T16:25:00.176+0700 INFO HCANN000001: Hibernate Commons Annotations {5.1.2.Final}
2022-01-27T16:25:02.356+0700 INFO HHH000400: Using dialect: org.hibernate.dialect.H2Dialect
2022-01-27T16:25:18.333+0700 INFO HHH000490: Using JtaPlatform implementation: [org.hibernate.engine.transaction.jta.platform.internal.NoJtaPlatform]
2022-01-27T16:25:18.538+0700 INFO Initialized JPA EntityManagerFactory for persistence unit 'default'
2022-01-27T16:25:33.303+0700 WARN spring.jpa.open-in-view is enabled by default. Therefore, database queries may be performed during view rendering. Explicitly configure spring.jpa.open-in-view to disable this warning
2022-01-27T16:25:44.128+0700 INFO Starting ProtocolHandler ["http-nio-8080"]
2022-01-27T16:25:44.428+0700 INFO Tomcat started on port(s): 8080 (http) with context path ''
2022-01-27T16:25:48.912+0700 INFO Started DemoApplication in 117.676 seconds (JVM running for 134.632)
2022-01-27T16:25:48.987+0700 INFO Application is running
2022-01-27T16:31:04.529+0700 INFO Closing JPA EntityManagerFactory for persistence unit 'default'
2022-01-27T16:31:04.553+0700 INFO HikariPool-1 - Shutdown initiated...
2022-01-27T16:31:04.559+0700 INFO HikariPool-1 - Shutdown completed.
2022-01-28T10:56:47.377+0700 WARN InetAddress.getLocalHost().getHostName() took 5005 milliseconds to respond. Please verify your network configuration (macOS machines may need to add entries to /etc/hosts).
2022-01-28T10:56:42.368+0700 INFO Starting DemoApplication using Java 1.8.0_292 on MacBooks-MacBook-Pro.local with PID 48077 (/Users/macbookpro/Work/Labs/demo/target/classes started by macbookpro in /Users/macbookpro/Work/Labs/demo)
2022-01-28T10:56:47.401+0700 INFO No active profile set, falling back to default profiles: default
2022-01-28T10:56:49.474+0700 INFO Bootstrapping Spring Data JPA repositories in DEFAULT mode.
2022-01-28T10:56:49.576+0700 INFO Finished Spring Data repository scanning in 66 ms. Found 1 JPA repository interfaces.
2022-01-28T10:56:51.085+0700 INFO Tomcat initialized with port(s): 8080 (http)
2022-01-28T10:56:51.103+0700 INFO Initializing ProtocolHandler ["http-nio-8080"]
2022-01-28T10:56:51.105+0700 INFO Starting service [Tomcat]
2022-01-28T10:56:51.106+0700 INFO Starting Servlet engine: [Apache Tomcat/9.0.56]
2022-01-28T10:56:51.286+0700 INFO Initializing Spring embedded WebApplicationContext
2022-01-28T10:56:51.287+0700 INFO Root WebApplicationContext: initialization completed in 3811 ms
2022-01-28T10:56:51.482+0700 INFO HikariPool-1 - Starting...
2022-01-28T10:56:51.911+0700 INFO HikariPool-1 - Start completed.
2022-01-28T10:56:51.928+0700 INFO H2 console available at '/h2-ui'. Database available at 'jdbc:h2:mem:testdb'
2022-01-28T10:56:52.150+0700 INFO HHH000204: Processing PersistenceUnitInfo [name: default]
2022-01-28T10:56:52.238+0700 INFO HHH000412: Hibernate ORM core version 5.6.3.Final
2022-01-28T10:56:52.650+0700 INFO HCANN000001: Hibernate Commons Annotations {5.1.2.Final}
2022-01-28T10:56:52.937+0700 INFO HHH000400: Using dialect: org.hibernate.dialect.H2Dialect
2022-01-28T10:56:54.303+0700 INFO HHH000490: Using JtaPlatform implementation: [org.hibernate.engine.transaction.jta.platform.internal.NoJtaPlatform]
2022-01-28T10:56:54.329+0700 INFO Initialized JPA EntityManagerFactory for persistence unit 'default'
2022-01-28T10:56:55.937+0700 WARN spring.jpa.open-in-view is enabled by default. Therefore, database queries may be performed during view rendering. Explicitly configure spring.jpa.open-in-view to disable this warning
2022-01-28T10:56:58.079+0700 INFO Starting ProtocolHandler ["http-nio-8080"]
2022-01-28T10:56:58.146+0700 INFO Tomcat started on port(s): 8080 (http) with context path ''
2022-01-28T10:56:58.777+0700 INFO Started DemoApplication in 22.433 seconds (JVM running for 35.178)
2022-01-28T10:56:58.782+0700 INFO Application is running
2022-01-28T11:23:42.847+0700 WARN HikariPool-1 - Thread starvation or clock leap detected (housekeeper delta=1m50s678ms).
2022-01-28T12:25:17.365+0700 WARN HikariPool-1 - Thread starvation or clock leap detected (housekeeper delta=41m34s216ms).
2022-01-28T12:52:43.481+0700 INFO Closing JPA EntityManagerFactory for persistence unit 'default'
2022-01-28T12:52:43.517+0700 INFO HikariPool-1 - Shutdown initiated...
2022-01-28T12:52:43.524+0700 INFO HikariPool-1 - Shutdown completed.
